<?xml version="1.0" encoding="UTF-8"?>
<!-- Generated by org.testng.reporters.JUnitReportReporter -->
<testsuite hostname="DESKTOP-1L2IPI2" failures="0" tests="1" name="com.selenium.test.TC_3_TestWindowHandles" time="16.321" errors="0" timestamp="2024-09-15T10:12:10 IST" skipped="0">
  <testcase classname="com.selenium.test.TC_3_TestWindowHandles" name="VerifyWindowHandles" time="16.321"/>
  <system-out/>
</testsuite> <!-- com.selenium.test.TC_3_TestWindowHandles -->
