<?xml version="1.0" encoding="UTF-8"?>
<!-- Generated by org.testng.reporters.JUnitReportReporter -->
<testsuite hostname="DESKTOP-1L2IPI2" failures="0" tests="1" name="com.selenium.test.BrowserLaunch" time="23.069" errors="0" timestamp="2024-09-12T09:45:55 IST" skipped="0">
  <testcase classname="com.selenium.test.BrowserLaunch" name="verifyUserabletoSearch" time="23.069"/>
</testsuite> <!-- com.selenium.test.BrowserLaunch -->
