<?xml version="1.0" encoding="UTF-8"?>
<!-- Generated by org.testng.reporters.JUnitReportReporter -->
<testsuite hostname="DESKTOP-1L2IPI2" failures="0" tests="1" name="com.selenium.test.TC_1_TestMakemyTripSearch" time="13.970" errors="0" timestamp="2024-09-14T23:33:49 IST" skipped="0">
  <testcase classname="com.selenium.test.TC_1_TestMakemyTripSearch" name="verifyUserabletoSearch" time="13.970"/>
</testsuite> <!-- com.selenium.test.TC_1_TestMakemyTripSearch -->
