<?xml version="1.0" encoding="UTF-8"?>
<!-- Generated by org.testng.reporters.JUnitReportReporter -->
<testsuite hostname="DESKTOP-1L2IPI2" failures="0" tests="1" name="com.selenium.test.TC_2_TestFlipkartHome" time="8.900" errors="0" timestamp="2024-09-14T23:33:49 IST" skipped="0">
  <testcase classname="com.selenium.test.TC_2_TestFlipkartHome" name="verifyFlipkartHomePage" time="8.900"/>
</testsuite> <!-- com.selenium.test.TC_2_TestFlipkartHome -->
